#
# There is insufficient memory for the Java Runtime Environment to continue.
# Native memory allocation (mmap) failed to map 266338304 bytes for Failed to commit area from 0x0000000702800000 to 0x0000000712600000 of length 266338304.
# Possible reasons:
#   The system is out of physical RAM or swap space
#   The process is running with CompressedOops enabled, and the Java Heap may be blocking the growth of the native heap
# Possible solutions:
#   Reduce memory load on the system
#   Increase physical memory or swap space
#   Check if swap backing store is full
#   Decrease Java heap size (-Xmx/-Xms)
#   Decrease number of Java threads
#   Decrease Java thread stack sizes (-Xss)
#   Set larger code cache with -XX:ReservedCodeCacheSize=
# This output file may be truncated or incomplete.
#
#  Out of Memory Error (src/hotspot/os/windows/os_windows.cpp:3624), pid=19220, tid=14108
#
# JRE version:  (11.0.14.1+1) (build )
# Java VM: OpenJDK 64-Bit Server VM (11.0.14.1+1-b2043.45, mixed mode, sharing, tiered, compressed oops, g1 gc, windows-amd64)
# No core dump will be written. Minidumps are not enabled by default on client versions of Windows
#

---------------  S U M M A R Y ------------

Command Line: git4idea.http.GitAskPassApp Username for 'https://github.com': 

Host: Intel(R) Core(TM) i7-10510U CPU @ 1.80GHz, 8 cores, 15G,  Windows 11 , 64 bit Build 22621 (10.0.22621.1635)
Time: Thu May 25 22:50:29 2023 Egypt Daylight Time elapsed time: 0.044968 seconds (0d 0h 0m 0s)

---------------  T H R E A D  ---------------

Current thread (0x0000017d1b3c4000):  JavaThread "Unknown thread" [_thread_in_vm, id=14108, stack(0x0000004123c00000,0x0000004123d00000)]

Stack: [0x0000004123c00000,0x0000004123d00000]
Native frames: (J=compiled Java code, j=interpreted, Vv=VM code, C=native code)
V  [jvm.dll+0x61618a]
V  [jvm.dll+0x79c450]
V  [jvm.dll+0x79da6d]
V  [jvm.dll+0x79e143]
V  [jvm.dll+0x24c968]
V  [jvm.dll+0x6131f4]
V  [jvm.dll+0x607ef5]
V  [jvm.dll+0x30b35b]
V  [jvm.dll+0x30b2ca]
V  [jvm.dll+0x30b1a2]
V  [jvm.dll+0x3100f6]
V  [jvm.dll+0x35b7e3]
V  [jvm.dll+0x35bee6]
V  [jvm.dll+0x35b8e3]
V  [jvm.dll+0x2e5b68]
V  [jvm.dll+0x2e6d17]
V  [jvm.dll+0x779087]
V  [jvm.dll+0x77a87c]
V  [jvm.dll+0x368d99]
V  [jvm.dll+0x75c9de]
V  [jvm.dll+0x3d6d53]
V  [jvm.dll+0x3d92f1]
C  [jli.dll+0x536b]
C  [ucrtbase.dll+0x29363]
C  [KERNEL32.DLL+0x126ad]
C  [ntdll.dll+0x5a9f8]


---------------  P R O C E S S  ---------------

Threads class SMR info:
_java_thread_list=0x0000017d19207ca0, length=0, elements={
}

Java Threads: ( => current thread )

Other Threads:
  0x0000017d1b3df000 GCTaskThread "GC Thread#0" [stack: 0x0000004123d00000,0x0000004123e00000] [id=32560]
  0x0000017d1b43c000 ConcurrentGCThread "G1 Main Marker" [stack: 0x0000004123e00000,0x0000004123f00000] [id=21344]
  0x0000017d1b43e800 ConcurrentGCThread "G1 Conc#0" [stack: 0x0000004123f00000,0x0000004124000000] [id=34344]

[error occurred during error reporting (printing all threads), id 0xc0000005, EXCEPTION_ACCESS_VIOLATION (0xc0000005) at pc=0x00007ff823516177]

VM state:not at safepoint (not fully initialized)

VM Mutex/Monitor currently owned by a thread:  ([mutex/lock_event])
[0x0000017d1b3c1030] Heap_lock - owner thread: 0x0000017d1b3c4000

Heap address: 0x0000000702800000, size: 4056 MB, Compressed Oops mode: Non-zero based: 0x0000000702800000
Narrow klass base: 0x0000000000000000, Narrow klass shift: 0

GC Heap History (0 events):
No events

Deoptimization events (0 events):
No events

Classes redefined (0 events):
No events

Internal exceptions (0 events):
No events

Events (1 events):
Event: 0.023 Loaded shared library C:\Program Files\JetBrains\PyCharm Community Edition 2022.1.1\jbr\bin\zip.dll


Dynamic libraries:
0x00007ff7af3d0000 - 0x00007ff7af3da000 	C:\Program Files\JetBrains\PyCharm Community Edition 2022.1.1\jbr\bin\java.exe
0x00007ff8bad30000 - 0x00007ff8baf44000 	C:\WINDOWS\SYSTEM32\ntdll.dll
0x00007ff844a30000 - 0x00007ff844a49000 	C:\Program Files\Avast Software\Avast\aswhook.dll
0x00007ff8b9e70000 - 0x00007ff8b9f32000 	C:\WINDOWS\System32\KERNEL32.DLL
0x00007ff8b8710000 - 0x00007ff8b8ab3000 	C:\WINDOWS\System32\KERNELBASE.dll
0x00007ff8b85f0000 - 0x00007ff8b8701000 	C:\WINDOWS\System32\ucrtbase.dll
0x00007ff87b3c0000 - 0x00007ff87b3d9000 	C:\Program Files\JetBrains\PyCharm Community Edition 2022.1.1\jbr\bin\jli.dll
0x00007ff8b9c60000 - 0x00007ff8b9e0b000 	C:\WINDOWS\System32\USER32.dll
0x00007ff8b83b0000 - 0x00007ff8b83d6000 	C:\WINDOWS\System32\win32u.dll
0x00007ff8baa10000 - 0x00007ff8baa39000 	C:\WINDOWS\System32\GDI32.dll
0x00007ff8b8210000 - 0x00007ff8b8328000 	C:\WINDOWS\System32\gdi32full.dll
0x00007ff8b83e0000 - 0x00007ff8b847a000 	C:\WINDOWS\System32\msvcp_win.dll
0x00007ff872b70000 - 0x00007ff872b86000 	C:\Program Files\JetBrains\PyCharm Community Edition 2022.1.1\jbr\bin\VCRUNTIME140.dll
0x00007ff8a0110000 - 0x00007ff8a039e000 	C:\WINDOWS\WinSxS\amd64_microsoft.windows.common-controls_6595b64144ccf1df_6.0.22621.1635_none_270f70857386168e\COMCTL32.dll
0x00007ff8b9bb0000 - 0x00007ff8b9c57000 	C:\WINDOWS\System32\msvcrt.dll
0x00007ff8b9160000 - 0x00007ff8b9191000 	C:\WINDOWS\System32\IMM32.DLL
0x00007ff861dc0000 - 0x00007ff861e6a000 	C:\Program Files\JetBrains\PyCharm Community Edition 2022.1.1\jbr\bin\msvcp140.dll
0x00007ff823220000 - 0x00007ff823d9a000 	C:\Program Files\JetBrains\PyCharm Community Edition 2022.1.1\jbr\bin\server\jvm.dll
0x00007ff8b95f0000 - 0x00007ff8b969e000 	C:\WINDOWS\System32\ADVAPI32.dll
0x00007ff8b9f40000 - 0x00007ff8b9fe4000 	C:\WINDOWS\System32\sechost.dll
0x00007ff8b94c0000 - 0x00007ff8b95d7000 	C:\WINDOWS\System32\RPCRT4.dll
0x00007ff8b9ff0000 - 0x00007ff8b9ff8000 	C:\WINDOWS\System32\PSAPI.DLL
0x00007ff8a4090000 - 0x00007ff8a4099000 	C:\WINDOWS\SYSTEM32\WSOCK32.dll
0x00007ff8ba000000 - 0x00007ff8ba071000 	C:\WINDOWS\System32\WS2_32.dll
0x00007ff8b09f0000 - 0x00007ff8b0a24000 	C:\WINDOWS\SYSTEM32\WINMM.dll
0x00007ff8ad7a0000 - 0x00007ff8ad7aa000 	C:\WINDOWS\SYSTEM32\VERSION.dll
0x00007ff8b7290000 - 0x00007ff8b72a8000 	C:\WINDOWS\SYSTEM32\kernel.appcore.dll
0x00007ff8996a0000 - 0x00007ff8996b1000 	C:\Program Files\JetBrains\PyCharm Community Edition 2022.1.1\jbr\bin\verify.dll
0x00007ff8a9790000 - 0x00007ff8a99be000 	C:\WINDOWS\SYSTEM32\DBGHELP.DLL
0x00007ff8b9820000 - 0x00007ff8b9ba9000 	C:\WINDOWS\System32\combase.dll
0x00007ff8b9220000 - 0x00007ff8b92f7000 	C:\WINDOWS\System32\OLEAUT32.dll
0x00007ff8a9750000 - 0x00007ff8a9782000 	C:\WINDOWS\SYSTEM32\dbgcore.DLL
0x00007ff8b8330000 - 0x00007ff8b83ab000 	C:\WINDOWS\System32\bcryptPrimitives.dll
0x00007ff8995c0000 - 0x00007ff8995e9000 	C:\Program Files\JetBrains\PyCharm Community Edition 2022.1.1\jbr\bin\java.dll
0x00007ff8b3630000 - 0x00007ff8b363b000 	C:\Program Files\JetBrains\PyCharm Community Edition 2022.1.1\jbr\bin\jimage.dll
0x00007ff8995a0000 - 0x00007ff8995b9000 	C:\Program Files\JetBrains\PyCharm Community Edition 2022.1.1\jbr\bin\zip.dll

dbghelp: loaded successfully - version: 4.0.5 - missing functions: none
symbol engine: initialized successfully - sym options: 0x614 - pdb path: .;C:\Program Files\JetBrains\PyCharm Community Edition 2022.1.1\jbr\bin;C:\WINDOWS\SYSTEM32;C:\Program Files\Avast Software\Avast;C:\WINDOWS\WinSxS\amd64_microsoft.windows.common-controls_6595b64144ccf1df_6.0.22621.1635_none_270f70857386168e;C:\Program Files\JetBrains\PyCharm Community Edition 2022.1.1\jbr\bin\server

VM Arguments:
java_command: git4idea.http.GitAskPassApp Username for 'https://github.com': 
java_class_path (initial): C:/Program Files/JetBrains/PyCharm Community Edition 2022.1.1/plugins/git4idea/lib/git4idea-rt.jar;C:/Program Files/JetBrains/PyCharm Community Edition 2022.1.1/lib/externalProcess-rt.jar;C:/Program Files/JetBrains/PyCharm Community Edition 2022.1.1/lib/app.jar;C:/Program Files/JetBrains/PyCharm Community Edition 2022.1.1/lib/3rd-party-rt.jar
Launcher Type: SUN_STANDARD

[Global flags]
     intx CICompilerCount                          = 4                                         {product} {ergonomic}
     uint ConcGCThreads                            = 2                                         {product} {ergonomic}
     uint G1ConcRefinementThreads                  = 8                                         {product} {ergonomic}
   size_t G1HeapRegionSize                         = 1048576                                   {product} {ergonomic}
    uintx GCDrainStackTargetSize                   = 64                                        {product} {ergonomic}
   size_t InitialHeapSize                          = 266338304                                 {product} {ergonomic}
   size_t MarkStackSize                            = 4194304                                   {product} {ergonomic}
   size_t MaxHeapSize                              = 4253024256                                {product} {ergonomic}
   size_t MinHeapDeltaBytes                        = 1048576                                   {product} {ergonomic}
    uintx NonNMethodCodeHeapSize                   = 5836300                                {pd product} {ergonomic}
    uintx NonProfiledCodeHeapSize                  = 122910970                              {pd product} {ergonomic}
    uintx ProfiledCodeHeapSize                     = 122910970                              {pd product} {ergonomic}
    uintx ReservedCodeCacheSize                    = 251658240                              {pd product} {ergonomic}
     bool SegmentedCodeCache                       = true                                      {product} {ergonomic}
     bool UseCompressedClassPointers               = true                                 {lp64_product} {ergonomic}
     bool UseCompressedOops                        = true                                 {lp64_product} {ergonomic}
     bool UseG1GC                                  = true                                      {product} {ergonomic}
     bool UseLargePagesIndividualAllocation        = false                                  {pd product} {ergonomic}

Logging:
Log output configuration:
 #0: stdout all=warning uptime,level,tags
 #1: stderr all=off uptime,level,tags

Environment Variables:
JAVA_HOME=C:\Program Files\Java\jdk-17.0.2
PATH=C:/Program Files/Git/mingw64/libexec/git-core;C:/Program Files/Git/mingw64/libexec/git-core;C:\Program Files\Git\mingw64\bin;C:\Program Files\Git\usr\bin;C:\Users\Haneen\bin;C:\Users\Haneen\.conda\envs\DistributedProject;C:\Users\Haneen\.conda\envs\DistributedProject\Library\mingw-w64\bin;C:\Users\Haneen\.conda\envs\DistributedProject\Library\usr\bin;C:\Users\Haneen\.conda\envs\DistributedProject\Library\bin;C:\Users\Haneen\.conda\envs\DistributedProject\Scripts;C:\Users\Haneen\.conda\envs\DistributedProject\bin;D:\anaconda3\condabin;C:\Program Files (x86)\VMware\VMware Player\bin;C:\ProgramData\QFS\QF-Test\qftestpath;C:\Program Files\Python310\Scripts;C:\Program Files\Python310;C:\Program Files\Common Files\Oracle\Java\javapath;C:\Program Files (x86)\Common Files\Oracle\Java\javapath;C:\Windows\system32;C:\Windows;C:\Windows\System32\Wbem;C:\Windows\System32\WindowsPowerShell\v1.0;C:\Windows\System32\OpenSSH;C:\Program Files (x86)\NVIDIA Corporation\PhysX\Common;C:\Program Files\NVIDIA Corporation\NVIDIA NvDLISR;C:\Program Files\MATLAB\R2020a\bin;C:\WINDOWS\system32;C:\WINDOWS;C:\WINDOWS\System32\Wbem;C:\WINDOWS\System32\WindowsPowerShell\v1.0;C:\WINDOWS\System32\OpenSSH;C:\Program Files\Java\jdk-17.0.2\bin;C:\Program Files\MATLAB\R2022a\bin;C:\Program Files\Git\cmd;C:\Users\Haneen\AppData\Local\Microsoft\WindowsApps;C:\Users\Haneen\AppData\Local\Programs\Microsoft VS Code\bin;C:\altera\13.1\modelsim_ase\win32aloem;C:\Users\Haneen\AppData\Local\GitHubDesktop\bin;C:\Program Files\JetBrains\IntelliJ IDEA Community Edition 2021.3.2\bin;.;C:\Program Files\Python310;C:\Users\Haneen\AppData\Roaming\Python\Python310\Scripts;C:\Program Files\Graphviz\bin;D:\Spring 2023\CSE339 Software Formal Specifications\use-6.0.0\bin;.
USERNAME=Haneen
DISPLAY=:0.0
LC_ALL=en_US.UTF-8
OS=Windows_NT
PROCESSOR_IDENTIFIER=Intel64 Family 6 Model 142 Stepping 12, GenuineIntel



---------------  S Y S T E M  ---------------

OS: Windows 11 , 64 bit Build 22621 (10.0.22621.1635)
OS uptime: 2 days 23:04 hours

CPU:total 8 (initial active 8) (4 cores per cpu, 2 threads per core) family 6 model 142 stepping 12 microcode 0xde, cmov, cx8, fxsr, mmx, sse, sse2, sse3, ssse3, sse4.1, sse4.2, popcnt, avx, avx2, aes, clmul, erms, 3dnowpref, lzcnt, ht, tsc, tscinvbit, bmi1, bmi2, adx, fma

Memory: 4k page, system-wide physical 16217M (4118M free)
TotalPageFile size 16217M (AvailPageFile size 127M)
current process WorkingSet (physical memory assigned to process): 11M, peak: 11M
current process commit charge ("private bytes"): 60M, peak: 314M

vm_info: OpenJDK 64-Bit Server VM (11.0.14.1+1-b2043.45) for windows-amd64 JRE (11.0.14.1+1-b2043.45), built on Apr 25 2022 05:49:45 by "" with MS VC++ 14.0 (VS2015)

END.
